
Verifying Registry Path...
DEBUG: Loading vessels from D:\Finished Projects\Resume\Document_validator_backend\src\app\data\valid_vessels.json
DEBUG: Loaded 15 vessels. Examples: ['Southern Cross', 'Eastern Gale', 'Pacific Crest']
Traceback (most recent call last):
  File "D:\Finished Projects\Resume\Document_validator_backend\scripts\verify_refactor.py", line 19, in verify_registry_load
    print(f"\u2705 Registry loaded {count} vessels via {registry}")
  File "C:\Users\DELL\AppData\Local\Programs\Python\Python310\lib\encodings\cp1252.py", line 19, in encode
    return codecs.charmap_encode(input,self.errors,encoding_table)[0]
UnicodeEncodeError: 'charmap' codec can't encode character '\u2705' in position 0: character maps to <undefined>

During handling of the above exception, another exception occurred:

Traceback (most recent call last):
  File "D:\Finished Projects\Resume\Document_validator_backend\scripts\verify_refactor.py", line 40, in <module>
    verify_registry_load()
  File "D:\Finished Projects\Resume\Document_validator_backend\scripts\verify_refactor.py", line 27, in verify_registry_load
    print(f"\u274c Registry load failed: {e}")
  File "C:\Users\DELL\AppData\Local\Programs\Python\Python310\lib\encodings\cp1252.py", line 19, in encode
    return codecs.charmap_encode(input,self.errors,encoding_table)[0]
UnicodeEncodeError: 'charmap' codec can't encode character '\u274c' in position 0: character maps to <undefined>
